build/outputs/logs/manifest-merger-debug-report.txt
-- Merging decision tree log ---
manifest
ADDED from expandablelistviewdemo\AndroidManifest.xml:2:1-24:12
	package
		ADDED from expandablelistviewdemo\AndroidManifest.xml:3:5-29
	android:versionName
		ADDED from expandablelistviewdemo\AndroidManifest.xml:5:5-30
	android:versionCode
		ADDED from expandablelistviewdemo\AndroidManifest.xml:4:5-28
		INJECTED from expandablelistviewdemo\AndroidManifest.xml
		INJECTED from expandablelistviewdemo\AndroidManifest.xml
	xmlns:android
		ADDED from expandablelistviewdemo\AndroidManifest.xml:2:11-69
uses-permission#android.permission.INTERNET
ADDED from expandablelistviewdemo\AndroidManifest.xml:7:5-66
	android:name
		ADDED from expandablelistviewdemo\AndroidManifest.xml:7:22-64
application
ADDED from expandablelistviewdemo\AndroidManifest.xml:8:5-22:19
	android:label
		ADDED from expandablelistviewdemo\AndroidManifest.xml:11:9-41
	android:allowBackup
		ADDED from expandablelistviewdemo\AndroidManifest.xml:9:9-35
	android:icon
		ADDED from expandablelistviewdemo\AndroidManifest.xml:10:9-45
	android:theme
		ADDED from expandablelistviewdemo\AndroidManifest.xml:12:9-51
activity#com.example.aa.MainActivity
ADDED from expandablelistviewdemo\AndroidManifest.xml:13:9-21:20
	android:label
		ADDED from expandablelistviewdemo\AndroidManifest.xml:15:13-45
	android:name
		ADDED from expandablelistviewdemo\AndroidManifest.xml:14:13-41
intent-filter#android.intent.action.MAIN+android.intent.category.LAUNCHER
ADDED from expandablelistviewdemo\AndroidManifest.xml:16:13-20:29
action#android.intent.action.MAIN
ADDED from expandablelistviewdemo\AndroidManifest.xml:17:17-69
	android:name
		ADDED from expandablelistviewdemo\AndroidManifest.xml:17:25-66
category#android.intent.category.LAUNCHER
ADDED from expandablelistviewdemo\AndroidManifest.xml:19:17-77
	android:name
		ADDED from expandablelistviewdemo\AndroidManifest.xml:19:27-74